07-07-2019 21:41:04.645 DEBUG selenium.events - [By.name: q] - changed value to '6 * 9'
07-07-2019 21:41:06.102 DEBUG selenium.events - org.openqa.selenium.StaleElementReferenceException
org.openqa.selenium.StaleElementReferenceException: stale element reference: element is not attached to the page document
  (Session info: chrome=62.0.3202.94)
  (Driver info: chromedriver=2.35 (0),platform=Linux 4.4.0-101-generic x86_64) (WARNING: The server did not provide any stacktrace information)
Command duration or timeout: 0 milliseconds
For documentation on this error, please visit: https://www.seleniumhq.org/exceptions/stale_element_reference.html
Build info: version: '3.141.59', revision: 'e82be7d358', time: '2018-11-14T08:17:03'
System info: host: 'travis-job-00a644f9-ca4e-41f8-a4ba-a719e622ab8d', ip: '127.0.1.1', os.name: 'Linux', os.arch: 'amd64', os.version: '4.4.0-101-generic', java.version: '1.8.0_151'
Driver info: org.openqa.selenium.chrome.ChromeDriver
Capabilities {acceptInsecureCerts: false, acceptSslCerts: false, applicationCacheEnabled: false, browserConnectionEnabled: false, browserName: chrome, chrome: {chromedriverVersion: 2.35 (0), userDataDir: /tmp/.org.chromium.Chromium...}, cssSelectorsEnabled: true, databaseEnabled: false, handlesAlerts: true, hasTouchScreen: false, javascriptEnabled: true, locationContextEnabled: true, mobileEmulationEnabled: false, nativeEvents: true, networkConnectionEnabled: false, pageLoadStrategy: normal, platform: LINUX, platformName: LINUX, rotatable: false, setWindowRect: true, takesHeapSnapshot: true, takesScreenshot: true, unexpectedAlertBehaviour: , unhandledPromptBehavior: , version: 62.0.3202.94, webStorageEnabled: true}
Session ID: 418a55a542f43511b56b70278d64b749
	at sun.reflect.NativeConstructorAccessorImpl.newInstance0(Native Method)
	at sun.reflect.NativeConstructorAccessorImpl.newInstance(NativeConstructorAccessorImpl.java:62)
	at sun.reflect.DelegatingConstructorAccessorImpl.newInstance(DelegatingConstructorAccessorImpl.java:45)
	at java.lang.reflect.Constructor.newInstance(Constructor.java:423)
	at org.openqa.selenium.remote.ErrorHandler.createThrowable(ErrorHandler.java:214)
	at org.openqa.selenium.remote.ErrorHandler.throwIfResponseFailed(ErrorHandler.java:166)
	at org.openqa.selenium.remote.http.JsonHttpResponseCodec.reconstructValue(JsonHttpResponseCodec.java:40)
	at org.openqa.selenium.remote.http.AbstractHttpResponseCodec.decode(AbstractHttpResponseCodec.java:80)
	at org.openqa.selenium.remote.http.AbstractHttpResponseCodec.decode(AbstractHttpResponseCodec.java:44)
	at org.openqa.selenium.remote.HttpCommandExecutor.execute(HttpCommandExecutor.java:158)
	at org.openqa.selenium.remote.service.DriverCommandExecutor.execute(DriverCommandExecutor.java:83)
	at org.openqa.selenium.remote.RemoteWebDriver.execute(RemoteWebDriver.java:552)
	at org.openqa.selenium.remote.RemoteWebElement.execute(RemoteWebElement.java:285)
	at org.openqa.selenium.remote.RemoteWebElement.getAttribute(RemoteWebElement.java:134)
	at sun.reflect.NativeMethodAccessorImpl.invoke0(Native Method)
	at sun.reflect.NativeMethodAccessorImpl.invoke(NativeMethodAccessorImpl.java:62)
	at sun.reflect.DelegatingMethodAccessorImpl.invoke(DelegatingMethodAccessorImpl.java:43)
	at java.lang.reflect.Method.invoke(Method.java:498)
	at org.openqa.selenium.support.events.EventFiringWebDriver$EventFiringWebElement.lambda$new$0(EventFiringWebDriver.java:404)
	at com.sun.proxy.$Proxy25.getAttribute(Unknown Source)
	at org.concordion.driver.selenium.SeleniumEventLogger.afterChangeValueOf(SeleniumEventLogger.java:23)
	at sun.reflect.NativeMethodAccessorImpl.invoke0(Native Method)
	at sun.reflect.NativeMethodAccessorImpl.invoke(NativeMethodAccessorImpl.java:62)
	at sun.reflect.DelegatingMethodAccessorImpl.invoke(DelegatingMethodAccessorImpl.java:43)
	at java.lang.reflect.Method.invoke(Method.java:498)
	at org.openqa.selenium.support.events.EventFiringWebDriver.lambda$new$0(EventFiringWebDriver.java:84)
	at com.sun.proxy.$Proxy19.afterChangeValueOf(Unknown Source)
	at org.openqa.selenium.support.events.EventFiringWebDriver$EventFiringWebElement.sendKeys(EventFiringWebDriver.java:430)
	at sun.reflect.NativeMethodAccessorImpl.invoke0(Native Method)
	at sun.reflect.NativeMethodAccessorImpl.invoke(NativeMethodAccessorImpl.java:62)
	at sun.reflect.DelegatingMethodAccessorImpl.invoke(DelegatingMethodAccessorImpl.java:43)
	at java.lang.reflect.Method.invoke(Method.java:498)
	at org.openqa.selenium.support.pagefactory.internal.LocatingElementHandler.invoke(LocatingElementHandler.java:51)
	at com.sun.proxy.$Proxy24.sendKeys(Unknown Source)
	at org.concordion.driver.ui.google.GoogleSearchPage.searchFor(GoogleSearchPage.java:42)
	at org.concordion.demo.SeleniumDemoFixture.searchFor(SeleniumDemoFixture.java:37)
	at sun.reflect.NativeMethodAccessorImpl.invoke0(Native Method)
	at sun.reflect.NativeMethodAccessorImpl.invoke(NativeMethodAccessorImpl.java:62)
	at sun.reflect.DelegatingMethodAccessorImpl.invoke(DelegatingMethodAccessorImpl.java:43)
	at java.lang.reflect.Method.invoke(Method.java:498)
	at ognl.OgnlRuntime.invokeMethod(OgnlRuntime.java:872)
	at ognl.OgnlRuntime.callAppropriateMethod(OgnlRuntime.java:1295)
	at ognl.ObjectMethodAccessor.callMethod(ObjectMethodAccessor.java:68)
	at ognl.OgnlRuntime.callMethod(OgnlRuntime.java:1371)
	at ognl.ASTMethod.getValueBody(ASTMethod.java:90)
	at ognl.SimpleNode.evaluateGetValueBody(SimpleNode.java:212)
	at ognl.SimpleNode.getValue(SimpleNode.java:258)
	at ognl.Ognl.getValue(Ognl.java:494)
	at ognl.Ognl.getValue(Ognl.java:596)
	at ognl.Ognl.getValue(Ognl.java:566)
	at org.concordion.internal.OgnlEvaluator.evaluate(OgnlEvaluator.java:25)
	at org.concordion.internal.SimpleEvaluator.evaluate(SimpleEvaluator.java:14)
	at org.concordion.internal.command.executeCommand.ExecuteCommand.normalExecution(ExecuteCommand.java:75)
	at org.concordion.internal.command.executeCommand.ExecuteCommand.execute(ExecuteCommand.java:68)
	at org.concordion.api.AbstractCommandDecorator$2.run(AbstractCommandDecorator.java:25)
	at org.concordion.internal.command.LocalTextDecorator.process(LocalTextDecorator.java:26)
	at org.concordion.api.AbstractCommandDecorator.execute(AbstractCommandDecorator.java:23)
	at org.concordion.api.AbstractCommandDecorator$2.run(AbstractCommandDecorator.java:25)
	at org.concordion.internal.command.ThrowableCatchingDecorator.process(ThrowableCatchingDecorator.java:38)
	at org.concordion.api.AbstractCommandDecorator.execute(AbstractCommandDecorator.java:23)
	at org.concordion.api.CommandCall.execute(CommandCall.java:72)
	at org.concordion.api.CommandCallList.processSequentially(CommandCallList.java:33)
	at org.concordion.internal.command.ExampleCommand.execute(ExampleCommand.java:49)
	at org.concordion.api.AbstractCommandDecorator$2.run(AbstractCommandDecorator.java:25)
	at org.concordion.internal.command.LocalTextDecorator.process(LocalTextDecorator.java:26)
	at org.concordion.api.AbstractCommandDecorator.execute(AbstractCommandDecorator.java:23)
	at org.concordion.api.AbstractCommandDecorator$2.run(AbstractCommandDecorator.java:25)
	at org.concordion.internal.command.ThrowableCatchingDecorator.process(ThrowableCatchingDecorator.java:38)
	at org.concordion.api.AbstractCommandDecorator.execute(AbstractCommandDecorator.java:23)
	at org.concordion.api.CommandCall.execute(CommandCall.java:72)
	at org.concordion.internal.XMLSpecification.processNode(XMLSpecification.java:60)
	at org.concordion.internal.XMLSpecification.processExample(XMLSpecification.java:76)
	at org.concordion.Concordion.processExample(Concordion.java:92)
	at org.concordion.internal.FixtureRunner.run(FixtureRunner.java:41)
	at org.concordion.integration.junit4.ConcordionRunner.invoke(ConcordionRunner.java:207)
	at org.concordion.integration.junit4.ConcordionRunner$1.invoke(ConcordionRunner.java:31)
	at org.concordion.integration.junit4.ConcordionFrameworkMethod.invokeExplosively(ConcordionFrameworkMethod.java:58)
	at org.junit.internal.runners.statements.InvokeMethod.evaluate(InvokeMethod.java:17)
	at org.junit.runners.ParentRunner.runLeaf(ParentRunner.java:325)
	at org.junit.runners.BlockJUnit4ClassRunner.runChild(BlockJUnit4ClassRunner.java:78)
	at org.concordion.integration.junit4.ConcordionRunner.runChild(ConcordionRunner.java:191)
	at org.concordion.integration.junit4.ConcordionRunner.runChild(ConcordionRunner.java:23)
	at org.junit.runners.ParentRunner$3.run(ParentRunner.java:290)
	at org.junit.runners.ParentRunner$1.schedule(ParentRunner.java:71)
	at org.junit.runners.ParentRunner.runChildren(ParentRunner.java:288)
	at org.junit.runners.ParentRunner.access$000(ParentRunner.java:58)
	at org.junit.runners.ParentRunner$2.evaluate(ParentRunner.java:268)
	at org.junit.runners.ParentRunner.run(ParentRunner.java:363)
	at org.concordion.integration.junit4.ConcordionRunner.run(ConcordionRunner.java:150)
	at org.junit.runners.Suite.runChild(Suite.java:128)
	at org.junit.runners.Suite.runChild(Suite.java:27)
	at org.junit.runners.ParentRunner$3.run(ParentRunner.java:290)
	at org.junit.runners.ParentRunner$1.schedule(ParentRunner.java:71)
	at org.junit.runners.ParentRunner.runChildren(ParentRunner.java:288)
	at org.junit.runners.ParentRunner.access$000(ParentRunner.java:58)
	at org.junit.runners.ParentRunner$2.evaluate(ParentRunner.java:268)
	at org.junit.runners.ParentRunner.run(ParentRunner.java:363)
	at org.junit.runner.JUnitCore.run(JUnitCore.java:137)
	at org.junit.runner.JUnitCore.run(JUnitCore.java:115)
	at org.junit.runner.JUnitCore.run(JUnitCore.java:105)
	at org.junit.runner.JUnitCore.runClasses(JUnitCore.java:62)
	at org.junit.runner.JUnitCore.runClasses(JUnitCore.java:49)
	at org.concordion.internal.runner.DefaultConcordionRunner.runJUnitClass(DefaultConcordionRunner.java:78)
	at org.concordion.internal.runner.DefaultConcordionRunner.runTestClass(DefaultConcordionRunner.java:44)
	at org.concordion.internal.runner.DefaultConcordionRunner.execute(DefaultConcordionRunner.java:19)
	at org.concordion.internal.command.SequentialRunStrategy.call(SequentialRunStrategy.java:10)
	at org.concordion.internal.command.RunCommand.execute(RunCommand.java:81)
	at org.concordion.api.AbstractCommandDecorator$2.run(AbstractCommandDecorator.java:25)
	at org.concordion.internal.command.LocalTextDecorator.process(LocalTextDecorator.java:26)
	at org.concordion.api.AbstractCommandDecorator.execute(AbstractCommandDecorator.java:23)
	at org.concordion.api.AbstractCommandDecorator$2.run(AbstractCommandDecorator.java:25)
	at org.concordion.internal.command.ThrowableCatchingDecorator.process(ThrowableCatchingDecorator.java:38)
	at org.concordion.api.AbstractCommandDecorator.execute(AbstractCommandDecorator.java:23)
	at org.concordion.api.CommandCall.execute(CommandCall.java:72)
	at org.concordion.api.CommandCallList.processSequentially(CommandCallList.java:33)
	at org.concordion.internal.command.SpecificationCommand.execute(SpecificationCommand.java:36)
	at org.concordion.api.CommandCall.execute(CommandCall.java:72)
	at org.concordion.internal.XMLSpecification.processNode(XMLSpecification.java:60)
	at org.concordion.internal.XMLSpecification.processExample(XMLSpecification.java:69)
	at org.concordion.Concordion.processExample(Concordion.java:92)
	at org.concordion.internal.FixtureRunner.run(FixtureRunner.java:41)
	at org.concordion.integration.junit4.ConcordionRunner.invoke(ConcordionRunner.java:207)
	at org.concordion.integration.junit4.ConcordionRunner$1.invoke(ConcordionRunner.java:31)
	at org.concordion.integration.junit4.ConcordionFrameworkMethod.invokeExplosively(ConcordionFrameworkMethod.java:58)
	at org.junit.internal.runners.statements.InvokeMethod.evaluate(InvokeMethod.java:17)
	at org.junit.runners.ParentRunner.runLeaf(ParentRunner.java:325)
	at org.junit.runners.BlockJUnit4ClassRunner.runChild(BlockJUnit4ClassRunner.java:78)
	at org.concordion.integration.junit4.ConcordionRunner.runChild(ConcordionRunner.java:191)
	at org.concordion.integration.junit4.ConcordionRunner.runChild(ConcordionRunner.java:23)
	at org.junit.runners.ParentRunner$3.run(ParentRunner.java:290)
	at org.junit.runners.ParentRunner$1.schedule(ParentRunner.java:71)
	at org.junit.runners.ParentRunner.runChildren(ParentRunner.java:288)
	at org.junit.runners.ParentRunner.access$000(ParentRunner.java:58)
	at org.junit.runners.ParentRunner$2.evaluate(ParentRunner.java:268)
	at org.junit.runners.ParentRunner.run(ParentRunner.java:363)
	at org.concordion.integration.junit4.ConcordionRunner.run(ConcordionRunner.java:150)
	at org.gradle.api.internal.tasks.testing.junit.JUnitTestClassExecutor.runTestClass(JUnitTestClassExecutor.java:106)
	at org.gradle.api.internal.tasks.testing.junit.JUnitTestClassExecutor.execute(JUnitTestClassExecutor.java:58)
	at org.gradle.api.internal.tasks.testing.junit.JUnitTestClassExecutor.execute(JUnitTestClassExecutor.java:38)
	at org.gradle.api.internal.tasks.testing.junit.AbstractJUnitTestClassProcessor.processTestClass(AbstractJUnitTestClassProcessor.java:66)
	at org.gradle.api.internal.tasks.testing.SuiteTestClassProcessor.processTestClass(SuiteTestClassProcessor.java:51)
	at sun.reflect.NativeMethodAccessorImpl.invoke0(Native Method)
	at sun.reflect.NativeMethodAccessorImpl.invoke(NativeMethodAccessorImpl.java:62)
	at sun.reflect.DelegatingMethodAccessorImpl.invoke(DelegatingMethodAccessorImpl.java:43)
	at java.lang.reflect.Method.invoke(Method.java:498)
	at org.gradle.internal.dispatch.ReflectionDispatch.dispatch(ReflectionDispatch.java:35)
	at org.gradle.internal.dispatch.ReflectionDispatch.dispatch(ReflectionDispatch.java:24)
	at org.gradle.internal.dispatch.ContextClassLoaderDispatch.dispatch(ContextClassLoaderDispatch.java:32)
	at org.gradle.internal.dispatch.ProxyDispatchAdapter$DispatchingInvocationHandler.invoke(ProxyDispatchAdapter.java:93)
	at com.sun.proxy.$Proxy1.processTestClass(Unknown Source)
	at org.gradle.api.internal.tasks.testing.worker.TestWorker.processTestClass(TestWorker.java:109)
	at sun.reflect.NativeMethodAccessorImpl.invoke0(Native Method)
	at sun.reflect.NativeMethodAccessorImpl.invoke(NativeMethodAccessorImpl.java:62)
	at sun.reflect.DelegatingMethodAccessorImpl.invoke(DelegatingMethodAccessorImpl.java:43)
	at java.lang.reflect.Method.invoke(Method.java:498)
	at org.gradle.internal.dispatch.ReflectionDispatch.dispatch(ReflectionDispatch.java:35)
	at org.gradle.internal.dispatch.ReflectionDispatch.dispatch(ReflectionDispatch.java:24)
	at org.gradle.internal.remote.internal.hub.MessageHubBackedObjectConnection$DispatchWrapper.dispatch(MessageHubBackedObjectConnection.java:155)
	at org.gradle.internal.remote.internal.hub.MessageHubBackedObjectConnection$DispatchWrapper.dispatch(MessageHubBackedObjectConnection.java:137)
	at org.gradle.internal.remote.internal.hub.MessageHub$Handler.run(MessageHub.java:404)
	at org.gradle.internal.concurrent.ExecutorPolicy$CatchAndRecordFailures.onExecute(ExecutorPolicy.java:63)
	at org.gradle.internal.concurrent.ManagedExecutorImpl$1.run(ManagedExecutorImpl.java:46)
	at java.util.concurrent.ThreadPoolExecutor.runWorker(ThreadPoolExecutor.java:1149)
	at java.util.concurrent.ThreadPoolExecutor$Worker.run(ThreadPoolExecutor.java:624)
	at org.gradle.internal.concurrent.ThreadFactoryImpl$ManagedThreadRunnable.run(ThreadFactoryImpl.java:55)
	at java.lang.Thread.run(Thread.java:748)
07-07-2019 21:41:06.103 DEBUG selenium.events - [By.name: q] - changed value
